<?xml version="1.0" encoding="UTF-8"?>
<testsuite name="dev.milmil.api.DecodingTest" tests="9" skipped="0" failures="0" errors="0" timestamp="2026-08-27T15:45:01.690Z" hostname="Mac-mini" time="0.047">
  <properties/>
  <testcase name="unknown fields are ignored so a newer server does not break an older client()" classname="dev.milmil.api.DecodingTest" time="0.035"/>
  <testcase name="booleans also arrive as real JSON booleans from handler DTOs()" classname="dev.milmil.api.DecodingTest" time="0.001"/>
  <testcase name="dates also come as raw SQLite text()" classname="dev.milmil.api.DecodingTest" time="0.002"/>
  <testcase name="booleans arrive as 0 or 1 from SQLite-backed rows()" classname="dev.milmil.api.DecodingTest" time="0.0"/>
  <testcase name="air dates are date-only()" classname="dev.milmil.api.DecodingTest" time="0.0"/>
  <testcase name="an empty date is null, not an error()" classname="dev.milmil.api.DecodingTest" time="0.001"/>
  <testcase name="a pasted api path is stripped from the base url()" classname="dev.milmil.api.DecodingTest" time="0.001"/>
  <testcase name="dates come as Go RFC 3339 with nanoseconds()" classname="dev.milmil.api.DecodingTest" time="0.0"/>
  <testcase name="genres may be an array or a JSON string holding one()" classname="dev.milmil.api.DecodingTest" time="0.001"/>
  <system-out><![CDATA[]]></system-out>
  <system-err><![CDATA[]]></system-err>
</testsuite>
